ARM GAS  /tmp/ccFqXy5e.s 			page 1


   1              		.cpu cortex-m4
   2              		.eabi_attribute 27, 1
   3              		.eabi_attribute 28, 1
   4              		.eabi_attribute 20, 1
   5              		.eabi_attribute 21, 1
   6              		.eabi_attribute 23, 3
   7              		.eabi_attribute 24, 1
   8              		.eabi_attribute 25, 1
   9              		.eabi_attribute 26, 1
  10              		.eabi_attribute 30, 1
  11              		.eabi_attribute 34, 1
  12              		.eabi_attribute 18, 4
  13              		.file	"main.c"
  14              		.text
  15              	.Ltext0:
  16              		.cfi_sections	.debug_frame
  17              		.section	.text.MX_GPIO_Init,"ax",%progbits
  18              		.align	1
  19              		.syntax unified
  20              		.thumb
  21              		.thumb_func
  22              		.fpu fpv4-sp-d16
  24              	MX_GPIO_Init:
  25              	.LFB126:
  26              		.file 1 "Src/main.c"
   1:Src/main.c    **** /**
   2:Src/main.c    ****   ******************************************************************************
   3:Src/main.c    ****   * File Name          : main.c
   4:Src/main.c    ****   * Description        : Main program body
   5:Src/main.c    ****   ******************************************************************************
   6:Src/main.c    ****   ** This notice applies to any and all portions of this file
   7:Src/main.c    ****   * that are not between comment pairs USER CODE BEGIN and
   8:Src/main.c    ****   * USER CODE END. Other portions of this file, whether 
   9:Src/main.c    ****   * inserted by the user or by software development tools
  10:Src/main.c    ****   * are owned by their respective copyright owners.
  11:Src/main.c    ****   *
  12:Src/main.c    ****   * COPYRIGHT(c) 2018 STMicroelectronics
  13:Src/main.c    ****   *
  14:Src/main.c    ****   * Redistribution and use in source and binary forms, with or without modification,
  15:Src/main.c    ****   * are permitted provided that the following conditions are met:
  16:Src/main.c    ****   *   1. Redistributions of source code must retain the above copyright notice,
  17:Src/main.c    ****   *      this list of conditions and the following disclaimer.
  18:Src/main.c    ****   *   2. Redistributions in binary form must reproduce the above copyright notice,
  19:Src/main.c    ****   *      this list of conditions and the following disclaimer in the documentation
  20:Src/main.c    ****   *      and/or other materials provided with the distribution.
  21:Src/main.c    ****   *   3. Neither the name of STMicroelectronics nor the names of its contributors
  22:Src/main.c    ****   *      may be used to endorse or promote products derived from this software
  23:Src/main.c    ****   *      without specific prior written permission.
  24:Src/main.c    ****   *
  25:Src/main.c    ****   * THIS SOFTWARE IS PROVIDED BY THE COPYRIGHT HOLDERS AND CONTRIBUTORS "AS IS"
  26:Src/main.c    ****   * AND ANY EXPRESS OR IMPLIED WARRANTIES, INCLUDING, BUT NOT LIMITED TO, THE
  27:Src/main.c    ****   * IMPLIED WARRANTIES OF MERCHANTABILITY AND FITNESS FOR A PARTICULAR PURPOSE ARE
  28:Src/main.c    ****   * DISCLAIMED. IN NO EVENT SHALL THE COPYRIGHT HOLDER OR CONTRIBUTORS BE LIABLE
  29:Src/main.c    ****   * FOR ANY DIRECT, INDIRECT, INCIDENTAL, SPECIAL, EXEMPLARY, OR CONSEQUENTIAL
  30:Src/main.c    ****   * DAMAGES (INCLUDING, BUT NOT LIMITED TO, PROCUREMENT OF SUBSTITUTE GOODS OR
  31:Src/main.c    ****   * SERVICES; LOSS OF USE, DATA, OR PROFITS; OR BUSINESS INTERRUPTION) HOWEVER
  32:Src/main.c    ****   * CAUSED AND ON ANY THEORY OF LIABILITY, WHETHER IN CONTRACT, STRICT LIABILITY,
ARM GAS  /tmp/ccFqXy5e.s 			page 2


  33:Src/main.c    ****   * OR TORT (INCLUDING NEGLIGENCE OR OTHERWISE) ARISING IN ANY WAY OUT OF THE USE
  34:Src/main.c    ****   * OF THIS SOFTWARE, EVEN IF ADVISED OF THE POSSIBILITY OF SUCH DAMAGE.
  35:Src/main.c    ****   *
  36:Src/main.c    ****   ******************************************************************************
  37:Src/main.c    ****   */
  38:Src/main.c    **** 
  39:Src/main.c    **** /* Includes ------------------------------------------------------------------*/
  40:Src/main.c    **** #include "main.h"
  41:Src/main.c    **** #include "stm32f4xx_hal.h"
  42:Src/main.c    **** 
  43:Src/main.c    **** /* USER CODE BEGIN Includes */
  44:Src/main.c    **** #define PERIOD_VALUE (6400 - 1) /* Period value */
  45:Src/main.c    **** #define PULSE1_VALUE 1350       // capture compare 1 value
  46:Src/main.c    **** #define PULSE2_VALUE 900        // caputure compare 2 value
  47:Src/main.c    **** #define PULSE3_VALUE 600        // capture compare 3 value
  48:Src/main.c    **** #define PULSE4_VALUE 450        // capture compare 4 value
  49:Src/main.c    **** 
  50:Src/main.c    **** /* USER CODE END Includes */
  51:Src/main.c    **** 
  52:Src/main.c    **** /* Private variables ---------------------------------------------------------*/
  53:Src/main.c    **** TIM_HandleTypeDef htim4;
  54:Src/main.c    **** 
  55:Src/main.c    **** /* USER CODE BEGIN PV */
  56:Src/main.c    **** /* Private variables ---------------------------------------------------------*/
  57:Src/main.c    **** /* Timer output compare configuration structure declaration */
  58:Src/main.c    **** /* TIM_OC_InitTypeDef sConfig; */
  59:Src/main.c    **** 
  60:Src/main.c    **** // counter prescaler value
  61:Src/main.c    **** uint32_t uwPrescalerValue = 0;
  62:Src/main.c    **** /* USER CODE END PV */
  63:Src/main.c    **** 
  64:Src/main.c    **** /* Private function prototypes -----------------------------------------------*/
  65:Src/main.c    **** void SystemClock_Config(void);
  66:Src/main.c    **** static void MX_GPIO_Init(void);
  67:Src/main.c    **** static void MX_TIM4_Init(void);                                    
  68:Src/main.c    **** void HAL_TIM_MspPostInit(TIM_HandleTypeDef *htim);
  69:Src/main.c    ****                                 
  70:Src/main.c    **** 
  71:Src/main.c    **** /* USER CODE BEGIN PFP */
  72:Src/main.c    **** /* Private function prototypes -----------------------------------------------*/
  73:Src/main.c    **** 
  74:Src/main.c    **** /* USER CODE END PFP */
  75:Src/main.c    **** 
  76:Src/main.c    **** /* USER CODE BEGIN 0 */
  77:Src/main.c    **** 
  78:Src/main.c    **** /* USER CODE END 0 */
  79:Src/main.c    **** 
  80:Src/main.c    **** int main(void)
  81:Src/main.c    **** {
  82:Src/main.c    **** 
  83:Src/main.c    ****   /* USER CODE BEGIN 1 */
  84:Src/main.c    **** 
  85:Src/main.c    ****   /* USER CODE END 1 */
  86:Src/main.c    **** 
  87:Src/main.c    ****   /* MCU Configuration----------------------------------------------------------*/
  88:Src/main.c    **** 
  89:Src/main.c    ****   /* Reset of all peripherals, Initializes the Flash interface and the Systick. */
ARM GAS  /tmp/ccFqXy5e.s 			page 3


  90:Src/main.c    ****   HAL_Init();
  91:Src/main.c    **** 
  92:Src/main.c    ****   /* USER CODE BEGIN Init */
  93:Src/main.c    **** 
  94:Src/main.c    ****   /* USER CODE END Init */
  95:Src/main.c    **** 
  96:Src/main.c    ****   /* Configure the system clock */
  97:Src/main.c    ****   SystemClock_Config();
  98:Src/main.c    **** 
  99:Src/main.c    ****   /* USER CODE BEGIN SysInit */
 100:Src/main.c    **** 
 101:Src/main.c    ****   /* USER CODE END SysInit */
 102:Src/main.c    **** 
 103:Src/main.c    ****   /* Initialize all configured peripherals */
 104:Src/main.c    ****   MX_GPIO_Init();
 105:Src/main.c    ****   MX_TIM4_Init();
 106:Src/main.c    **** 
 107:Src/main.c    ****   /* USER CODE BEGIN 2 */
 108:Src/main.c    ****   /* Start channel 3 */
 109:Src/main.c    ****   if(HAL_TIM_PWM_Start(&htim4, TIM_CHANNEL_3) != HAL_OK)
 110:Src/main.c    ****   {
 111:Src/main.c    ****     /* Starting Error */
 112:Src/main.c    ****     _Error_Handler(__FILE__, __LINE__);
 113:Src/main.c    ****   }
 114:Src/main.c    **** 
 115:Src/main.c    ****   /* HAL_GPIO_WritePin(LED_Green_GPIO_Port, LED_Green_Pin, GPIO_PIN_SET); */
 116:Src/main.c    ****   
 117:Src/main.c    ****   /* USER CODE END 2 */
 118:Src/main.c    **** 
 119:Src/main.c    ****   /* Infinite loop */
 120:Src/main.c    ****   /* USER CODE BEGIN WHILE */
 121:Src/main.c    ****   while (1)
 122:Src/main.c    ****   {
 123:Src/main.c    ****   /* USER CODE END WHILE */
 124:Src/main.c    **** 
 125:Src/main.c    ****   /* USER CODE BEGIN 3 */
 126:Src/main.c    **** 
 127:Src/main.c    ****   }
 128:Src/main.c    ****   /* USER CODE END 3 */
 129:Src/main.c    **** 
 130:Src/main.c    **** }
 131:Src/main.c    **** 
 132:Src/main.c    **** /** System Clock Configuration
 133:Src/main.c    **** */
 134:Src/main.c    **** void SystemClock_Config(void)
 135:Src/main.c    **** {
 136:Src/main.c    **** 
 137:Src/main.c    ****   RCC_OscInitTypeDef RCC_OscInitStruct;
 138:Src/main.c    ****   RCC_ClkInitTypeDef RCC_ClkInitStruct;
 139:Src/main.c    **** 
 140:Src/main.c    ****     /**Configure the main internal regulator output voltage 
 141:Src/main.c    ****     */
 142:Src/main.c    ****   __HAL_RCC_PWR_CLK_ENABLE();
 143:Src/main.c    **** 
 144:Src/main.c    ****   __HAL_PWR_VOLTAGESCALING_CONFIG(PWR_REGULATOR_VOLTAGE_SCALE1);
 145:Src/main.c    **** 
 146:Src/main.c    ****     /**Initializes the CPU, AHB and APB busses clocks 
ARM GAS  /tmp/ccFqXy5e.s 			page 4


 147:Src/main.c    ****     */
 148:Src/main.c    ****   RCC_OscInitStruct.OscillatorType = RCC_OSCILLATORTYPE_HSI;
 149:Src/main.c    ****   RCC_OscInitStruct.HSIState = RCC_HSI_ON;
 150:Src/main.c    ****   RCC_OscInitStruct.HSICalibrationValue = 16;
 151:Src/main.c    ****   RCC_OscInitStruct.PLL.PLLState = RCC_PLL_ON;
 152:Src/main.c    ****   RCC_OscInitStruct.PLL.PLLSource = RCC_PLLSOURCE_HSI;
 153:Src/main.c    ****   RCC_OscInitStruct.PLL.PLLM = 16;
 154:Src/main.c    ****   RCC_OscInitStruct.PLL.PLLN = 256;
 155:Src/main.c    ****   RCC_OscInitStruct.PLL.PLLP = RCC_PLLP_DIV4;
 156:Src/main.c    ****   RCC_OscInitStruct.PLL.PLLQ = 4;
 157:Src/main.c    ****   if (HAL_RCC_OscConfig(&RCC_OscInitStruct) != HAL_OK)
 158:Src/main.c    ****   {
 159:Src/main.c    ****     _Error_Handler(__FILE__, __LINE__);
 160:Src/main.c    ****   }
 161:Src/main.c    **** 
 162:Src/main.c    ****     /**Initializes the CPU, AHB and APB busses clocks 
 163:Src/main.c    ****     */
 164:Src/main.c    ****   RCC_ClkInitStruct.ClockType = RCC_CLOCKTYPE_HCLK|RCC_CLOCKTYPE_SYSCLK
 165:Src/main.c    ****                               |RCC_CLOCKTYPE_PCLK1|RCC_CLOCKTYPE_PCLK2;
 166:Src/main.c    ****   RCC_ClkInitStruct.SYSCLKSource = RCC_SYSCLKSOURCE_PLLCLK;
 167:Src/main.c    ****   RCC_ClkInitStruct.AHBCLKDivider = RCC_SYSCLK_DIV1;
 168:Src/main.c    ****   RCC_ClkInitStruct.APB1CLKDivider = RCC_HCLK_DIV2;
 169:Src/main.c    ****   RCC_ClkInitStruct.APB2CLKDivider = RCC_HCLK_DIV1;
 170:Src/main.c    **** 
 171:Src/main.c    ****   if (HAL_RCC_ClockConfig(&RCC_ClkInitStruct, FLASH_LATENCY_2) != HAL_OK)
 172:Src/main.c    ****   {
 173:Src/main.c    ****     _Error_Handler(__FILE__, __LINE__);
 174:Src/main.c    ****   }
 175:Src/main.c    **** 
 176:Src/main.c    ****     /**Configure the Systick interrupt time 
 177:Src/main.c    ****     */
 178:Src/main.c    ****   HAL_SYSTICK_Config(HAL_RCC_GetHCLKFreq()/1000);
 179:Src/main.c    **** 
 180:Src/main.c    ****     /**Configure the Systick 
 181:Src/main.c    ****     */
 182:Src/main.c    ****   HAL_SYSTICK_CLKSourceConfig(SYSTICK_CLKSOURCE_HCLK);
 183:Src/main.c    **** 
 184:Src/main.c    ****   /* SysTick_IRQn interrupt configuration */
 185:Src/main.c    ****   HAL_NVIC_SetPriority(SysTick_IRQn, 0, 0);
 186:Src/main.c    **** }
 187:Src/main.c    **** 
 188:Src/main.c    **** /* TIM4 init function */
 189:Src/main.c    **** static void MX_TIM4_Init(void)
 190:Src/main.c    **** {
 191:Src/main.c    **** 
 192:Src/main.c    ****   TIM_MasterConfigTypeDef sMasterConfig;
 193:Src/main.c    ****   TIM_OC_InitTypeDef sConfigOC;
 194:Src/main.c    **** 
 195:Src/main.c    ****   htim4.Instance = TIM4;
 196:Src/main.c    ****   htim4.Init.Prescaler = 63;
 197:Src/main.c    ****   htim4.Init.CounterMode = TIM_COUNTERMODE_UP;
 198:Src/main.c    ****   htim4.Init.Period = 999;
 199:Src/main.c    ****   htim4.Init.ClockDivision = TIM_CLOCKDIVISION_DIV1;
 200:Src/main.c    ****   if (HAL_TIM_PWM_Init(&htim4) != HAL_OK)
 201:Src/main.c    ****   {
 202:Src/main.c    ****     _Error_Handler(__FILE__, __LINE__);
 203:Src/main.c    ****   }
ARM GAS  /tmp/ccFqXy5e.s 			page 5


 204:Src/main.c    **** 
 205:Src/main.c    ****   sMasterConfig.MasterOutputTrigger = TIM_TRGO_RESET;
 206:Src/main.c    ****   sMasterConfig.MasterSlaveMode = TIM_MASTERSLAVEMODE_DISABLE;
 207:Src/main.c    ****   if (HAL_TIMEx_MasterConfigSynchronization(&htim4, &sMasterConfig) != HAL_OK)
 208:Src/main.c    ****   {
 209:Src/main.c    ****     _Error_Handler(__FILE__, __LINE__);
 210:Src/main.c    ****   }
 211:Src/main.c    **** 
 212:Src/main.c    ****   sConfigOC.OCMode = TIM_OCMODE_PWM1;
 213:Src/main.c    ****   sConfigOC.Pulse = 500;
 214:Src/main.c    ****   sConfigOC.OCPolarity = TIM_OCPOLARITY_HIGH;
 215:Src/main.c    ****   sConfigOC.OCFastMode = TIM_OCFAST_DISABLE;
 216:Src/main.c    ****   if (HAL_TIM_PWM_ConfigChannel(&htim4, &sConfigOC, TIM_CHANNEL_3) != HAL_OK)
 217:Src/main.c    ****   {
 218:Src/main.c    ****     _Error_Handler(__FILE__, __LINE__);
 219:Src/main.c    ****   }
 220:Src/main.c    **** 
 221:Src/main.c    ****   HAL_TIM_MspPostInit(&htim4);
 222:Src/main.c    **** 
 223:Src/main.c    ****   if(HAL_TIM_PWM_ConfigChannel(&htim4, &sConfigOC, TIM_CHANNEL_3) != HAL_OK)
 224:Src/main.c    ****   {
 225:Src/main.c    ****     /* Configuration Error */
 226:Src/main.c    ****     /* Error_Handler(); */
 227:Src/main.c    ****   }
 228:Src/main.c    **** 
 229:Src/main.c    **** }
 230:Src/main.c    **** 
 231:Src/main.c    **** /** Configure pins as 
 232:Src/main.c    ****         * Analog 
 233:Src/main.c    ****         * Input 
 234:Src/main.c    ****         * Output
 235:Src/main.c    ****         * EVENT_OUT
 236:Src/main.c    ****         * EXTI
 237:Src/main.c    **** */
 238:Src/main.c    **** static void MX_GPIO_Init(void)
 239:Src/main.c    **** {
  27              		.loc 1 239 0
  28              		.cfi_startproc
  29              		@ args = 0, pretend = 0, frame = 32
  30              		@ frame_needed = 0, uses_anonymous_args = 0
  31 0000 30B5     		push	{r4, r5, lr}
  32              	.LCFI0:
  33              		.cfi_def_cfa_offset 12
  34              		.cfi_offset 4, -12
  35              		.cfi_offset 5, -8
  36              		.cfi_offset 14, -4
  37 0002 89B0     		sub	sp, sp, #36
  38              	.LCFI1:
  39              		.cfi_def_cfa_offset 48
  40              	.LBB2:
 240:Src/main.c    **** 
 241:Src/main.c    ****   GPIO_InitTypeDef GPIO_InitStruct;
 242:Src/main.c    **** 
 243:Src/main.c    ****   /* GPIO Ports Clock Enable */
 244:Src/main.c    ****   __HAL_RCC_GPIOF_CLK_ENABLE();
  41              		.loc 1 244 0
  42 0004 0024     		movs	r4, #0
ARM GAS  /tmp/ccFqXy5e.s 			page 6


  43 0006 0194     		str	r4, [sp, #4]
  44 0008 134B     		ldr	r3, .L3
  45 000a 1A6B     		ldr	r2, [r3, #48]
  46 000c 42F02002 		orr	r2, r2, #32
  47 0010 1A63     		str	r2, [r3, #48]
  48 0012 1A6B     		ldr	r2, [r3, #48]
  49 0014 02F02002 		and	r2, r2, #32
  50 0018 0192     		str	r2, [sp, #4]
  51 001a 019A     		ldr	r2, [sp, #4]
  52              	.LBE2:
  53              	.LBB3:
 245:Src/main.c    ****   __HAL_RCC_GPIOD_CLK_ENABLE();
  54              		.loc 1 245 0
  55 001c 0294     		str	r4, [sp, #8]
  56 001e 1A6B     		ldr	r2, [r3, #48]
  57 0020 42F00802 		orr	r2, r2, #8
  58 0024 1A63     		str	r2, [r3, #48]
  59 0026 1B6B     		ldr	r3, [r3, #48]
  60 0028 03F00803 		and	r3, r3, #8
  61 002c 0293     		str	r3, [sp, #8]
  62 002e 029B     		ldr	r3, [sp, #8]
  63              	.LBE3:
 246:Src/main.c    **** 
 247:Src/main.c    ****   /*Configure GPIO pin Output Level */
 248:Src/main.c    ****   HAL_GPIO_WritePin(GPIOF, LED_Green_Pin|LED_Blue_Pin|LED_Yellow_Pin|LED_Red_Pin, GPIO_PIN_RESET);
  64              		.loc 1 248 0
  65 0030 0A4D     		ldr	r5, .L3+4
  66 0032 2246     		mov	r2, r4
  67 0034 3C21     		movs	r1, #60
  68 0036 2846     		mov	r0, r5
  69 0038 FFF7FEFF 		bl	HAL_GPIO_WritePin
  70              	.LVL0:
 249:Src/main.c    **** 
 250:Src/main.c    ****   /*Configure GPIO pins : LED_Green_Pin LED_Blue_Pin LED_Yellow_Pin LED_Red_Pin */
 251:Src/main.c    ****   GPIO_InitStruct.Pin = LED_Green_Pin|LED_Blue_Pin|LED_Yellow_Pin|LED_Red_Pin;
  71              		.loc 1 251 0
  72 003c 3C23     		movs	r3, #60
  73 003e 0393     		str	r3, [sp, #12]
 252:Src/main.c    ****   GPIO_InitStruct.Mode = GPIO_MODE_OUTPUT_PP;
  74              		.loc 1 252 0
  75 0040 0123     		movs	r3, #1
  76 0042 0493     		str	r3, [sp, #16]
 253:Src/main.c    ****   GPIO_InitStruct.Pull = GPIO_PULLDOWN;
  77              		.loc 1 253 0
  78 0044 0223     		movs	r3, #2
  79 0046 0593     		str	r3, [sp, #20]
 254:Src/main.c    ****   GPIO_InitStruct.Speed = GPIO_SPEED_FREQ_LOW;
  80              		.loc 1 254 0
  81 0048 0694     		str	r4, [sp, #24]
 255:Src/main.c    ****   HAL_GPIO_Init(GPIOF, &GPIO_InitStruct);
  82              		.loc 1 255 0
  83 004a 03A9     		add	r1, sp, #12
  84 004c 2846     		mov	r0, r5
  85 004e FFF7FEFF 		bl	HAL_GPIO_Init
  86              	.LVL1:
 256:Src/main.c    **** 
 257:Src/main.c    **** }
ARM GAS  /tmp/ccFqXy5e.s 			page 7


  87              		.loc 1 257 0
  88 0052 09B0     		add	sp, sp, #36
  89              	.LCFI2:
  90              		.cfi_def_cfa_offset 12
  91              		@ sp needed
  92 0054 30BD     		pop	{r4, r5, pc}
  93              	.L4:
  94 0056 00BF     		.align	2
  95              	.L3:
  96 0058 00380240 		.word	1073887232
  97 005c 00140240 		.word	1073878016
  98              		.cfi_endproc
  99              	.LFE126:
 101              		.section	.text._Error_Handler,"ax",%progbits
 102              		.align	1
 103              		.global	_Error_Handler
 104              		.syntax unified
 105              		.thumb
 106              		.thumb_func
 107              		.fpu fpv4-sp-d16
 109              	_Error_Handler:
 110              	.LFB127:
 258:Src/main.c    **** 
 259:Src/main.c    **** /* USER CODE BEGIN 4 */
 260:Src/main.c    **** 
 261:Src/main.c    **** /* USER CODE END 4 */
 262:Src/main.c    **** 
 263:Src/main.c    **** /**
 264:Src/main.c    ****   * @brief  This function is executed in case of error occurrence.
 265:Src/main.c    ****   * @param  None
 266:Src/main.c    ****   * @retval None
 267:Src/main.c    ****   */
 268:Src/main.c    **** void _Error_Handler(char * file, int line)
 269:Src/main.c    **** {
 111              		.loc 1 269 0
 112              		.cfi_startproc
 113              		@ Volatile: function does not return.
 114              		@ args = 0, pretend = 0, frame = 0
 115              		@ frame_needed = 0, uses_anonymous_args = 0
 116              	.LVL2:
 117 0000 08B5     		push	{r3, lr}
 118              	.LCFI3:
 119              		.cfi_def_cfa_offset 8
 120              		.cfi_offset 3, -8
 121              		.cfi_offset 14, -4
 270:Src/main.c    ****   /* USER CODE BEGIN Error_Handler_Debug */
 271:Src/main.c    ****   HAL_GPIO_WritePin(LED_Yellow_GPIO_Port, LED_Yellow_Pin, GPIO_PIN_SET);
 122              		.loc 1 271 0
 123 0002 0122     		movs	r2, #1
 124 0004 1021     		movs	r1, #16
 125              	.LVL3:
 126 0006 0248     		ldr	r0, .L8
 127              	.LVL4:
 128 0008 FFF7FEFF 		bl	HAL_GPIO_WritePin
 129              	.LVL5:
 130              	.L6:
 131 000c FEE7     		b	.L6
ARM GAS  /tmp/ccFqXy5e.s 			page 8


 132              	.L9:
 133 000e 00BF     		.align	2
 134              	.L8:
 135 0010 00140240 		.word	1073878016
 136              		.cfi_endproc
 137              	.LFE127:
 139              		.section	.text.MX_TIM4_Init,"ax",%progbits
 140              		.align	1
 141              		.syntax unified
 142              		.thumb
 143              		.thumb_func
 144              		.fpu fpv4-sp-d16
 146              	MX_TIM4_Init:
 147              	.LFB125:
 190:Src/main.c    **** 
 148              		.loc 1 190 0
 149              		.cfi_startproc
 150              		@ args = 0, pretend = 0, frame = 40
 151              		@ frame_needed = 0, uses_anonymous_args = 0
 152 0000 10B5     		push	{r4, lr}
 153              	.LCFI4:
 154              		.cfi_def_cfa_offset 8
 155              		.cfi_offset 4, -8
 156              		.cfi_offset 14, -4
 157 0002 8AB0     		sub	sp, sp, #40
 158              	.LCFI5:
 159              		.cfi_def_cfa_offset 48
 195:Src/main.c    ****   htim4.Init.Prescaler = 63;
 160              		.loc 1 195 0
 161 0004 1D48     		ldr	r0, .L18
 162 0006 1E4B     		ldr	r3, .L18+4
 163 0008 0360     		str	r3, [r0]
 196:Src/main.c    ****   htim4.Init.CounterMode = TIM_COUNTERMODE_UP;
 164              		.loc 1 196 0
 165 000a 3F23     		movs	r3, #63
 166 000c 4360     		str	r3, [r0, #4]
 197:Src/main.c    ****   htim4.Init.Period = 999;
 167              		.loc 1 197 0
 168 000e 0023     		movs	r3, #0
 169 0010 8360     		str	r3, [r0, #8]
 198:Src/main.c    ****   htim4.Init.ClockDivision = TIM_CLOCKDIVISION_DIV1;
 170              		.loc 1 198 0
 171 0012 40F2E732 		movw	r2, #999
 172 0016 C260     		str	r2, [r0, #12]
 199:Src/main.c    ****   if (HAL_TIM_PWM_Init(&htim4) != HAL_OK)
 173              		.loc 1 199 0
 174 0018 0361     		str	r3, [r0, #16]
 200:Src/main.c    ****   {
 175              		.loc 1 200 0
 176 001a FFF7FEFF 		bl	HAL_TIM_PWM_Init
 177              	.LVL6:
 178 001e 00BB     		cbnz	r0, .L15
 205:Src/main.c    ****   sMasterConfig.MasterSlaveMode = TIM_MASTERSLAVEMODE_DISABLE;
 179              		.loc 1 205 0
 180 0020 0023     		movs	r3, #0
 181 0022 0893     		str	r3, [sp, #32]
 206:Src/main.c    ****   if (HAL_TIMEx_MasterConfigSynchronization(&htim4, &sMasterConfig) != HAL_OK)
ARM GAS  /tmp/ccFqXy5e.s 			page 9


 182              		.loc 1 206 0
 183 0024 0993     		str	r3, [sp, #36]
 207:Src/main.c    ****   {
 184              		.loc 1 207 0
 185 0026 08A9     		add	r1, sp, #32
 186 0028 1448     		ldr	r0, .L18
 187 002a FFF7FEFF 		bl	HAL_TIMEx_MasterConfigSynchronization
 188              	.LVL7:
 189 002e E0B9     		cbnz	r0, .L16
 212:Src/main.c    ****   sConfigOC.Pulse = 500;
 190              		.loc 1 212 0
 191 0030 6023     		movs	r3, #96
 192 0032 0193     		str	r3, [sp, #4]
 213:Src/main.c    ****   sConfigOC.OCPolarity = TIM_OCPOLARITY_HIGH;
 193              		.loc 1 213 0
 194 0034 4FF4FA73 		mov	r3, #500
 195 0038 0293     		str	r3, [sp, #8]
 214:Src/main.c    ****   sConfigOC.OCFastMode = TIM_OCFAST_DISABLE;
 196              		.loc 1 214 0
 197 003a 0023     		movs	r3, #0
 198 003c 0393     		str	r3, [sp, #12]
 215:Src/main.c    ****   if (HAL_TIM_PWM_ConfigChannel(&htim4, &sConfigOC, TIM_CHANNEL_3) != HAL_OK)
 199              		.loc 1 215 0
 200 003e 0593     		str	r3, [sp, #20]
 216:Src/main.c    ****   {
 201              		.loc 1 216 0
 202 0040 0822     		movs	r2, #8
 203 0042 01A9     		add	r1, sp, #4
 204 0044 0D48     		ldr	r0, .L18
 205 0046 FFF7FEFF 		bl	HAL_TIM_PWM_ConfigChannel
 206              	.LVL8:
 207 004a 90B9     		cbnz	r0, .L17
 221:Src/main.c    **** 
 208              		.loc 1 221 0
 209 004c 0B4C     		ldr	r4, .L18
 210 004e 2046     		mov	r0, r4
 211 0050 FFF7FEFF 		bl	HAL_TIM_MspPostInit
 212              	.LVL9:
 223:Src/main.c    ****   {
 213              		.loc 1 223 0
 214 0054 0822     		movs	r2, #8
 215 0056 01A9     		add	r1, sp, #4
 216 0058 2046     		mov	r0, r4
 217 005a FFF7FEFF 		bl	HAL_TIM_PWM_ConfigChannel
 218              	.LVL10:
 229:Src/main.c    **** 
 219              		.loc 1 229 0
 220 005e 0AB0     		add	sp, sp, #40
 221              	.LCFI6:
 222              		.cfi_remember_state
 223              		.cfi_def_cfa_offset 8
 224              		@ sp needed
 225 0060 10BD     		pop	{r4, pc}
 226              	.L15:
 227              	.LCFI7:
 228              		.cfi_restore_state
 202:Src/main.c    ****   }
ARM GAS  /tmp/ccFqXy5e.s 			page 10


 229              		.loc 1 202 0
 230 0062 CA21     		movs	r1, #202
 231 0064 0748     		ldr	r0, .L18+8
 232 0066 FFF7FEFF 		bl	_Error_Handler
 233              	.LVL11:
 234              	.L16:
 209:Src/main.c    ****   }
 235              		.loc 1 209 0
 236 006a D121     		movs	r1, #209
 237 006c 0548     		ldr	r0, .L18+8
 238 006e FFF7FEFF 		bl	_Error_Handler
 239              	.LVL12:
 240              	.L17:
 218:Src/main.c    ****   }
 241              		.loc 1 218 0
 242 0072 DA21     		movs	r1, #218
 243 0074 0348     		ldr	r0, .L18+8
 244 0076 FFF7FEFF 		bl	_Error_Handler
 245              	.LVL13:
 246              	.L19:
 247 007a 00BF     		.align	2
 248              	.L18:
 249 007c 00000000 		.word	htim4
 250 0080 00080040 		.word	1073743872
 251 0084 00000000 		.word	.LC0
 252              		.cfi_endproc
 253              	.LFE125:
 255              		.section	.text.SystemClock_Config,"ax",%progbits
 256              		.align	1
 257              		.global	SystemClock_Config
 258              		.syntax unified
 259              		.thumb
 260              		.thumb_func
 261              		.fpu fpv4-sp-d16
 263              	SystemClock_Config:
 264              	.LFB124:
 135:Src/main.c    **** 
 265              		.loc 1 135 0
 266              		.cfi_startproc
 267              		@ args = 0, pretend = 0, frame = 80
 268              		@ frame_needed = 0, uses_anonymous_args = 0
 269 0000 00B5     		push	{lr}
 270              	.LCFI8:
 271              		.cfi_def_cfa_offset 4
 272              		.cfi_offset 14, -4
 273 0002 95B0     		sub	sp, sp, #84
 274              	.LCFI9:
 275              		.cfi_def_cfa_offset 88
 276              	.LBB4:
 142:Src/main.c    **** 
 277              		.loc 1 142 0
 278 0004 0023     		movs	r3, #0
 279 0006 0193     		str	r3, [sp, #4]
 280 0008 284A     		ldr	r2, .L26
 281 000a 116C     		ldr	r1, [r2, #64]
 282 000c 41F08051 		orr	r1, r1, #268435456
 283 0010 1164     		str	r1, [r2, #64]
ARM GAS  /tmp/ccFqXy5e.s 			page 11


 284 0012 126C     		ldr	r2, [r2, #64]
 285 0014 02F08052 		and	r2, r2, #268435456
 286 0018 0192     		str	r2, [sp, #4]
 287 001a 019A     		ldr	r2, [sp, #4]
 288              	.LBE4:
 289              	.LBB5:
 144:Src/main.c    **** 
 290              		.loc 1 144 0
 291 001c 0293     		str	r3, [sp, #8]
 292 001e 244A     		ldr	r2, .L26+4
 293 0020 1168     		ldr	r1, [r2]
 294 0022 41F48041 		orr	r1, r1, #16384
 295 0026 1160     		str	r1, [r2]
 296 0028 1268     		ldr	r2, [r2]
 297 002a 02F48042 		and	r2, r2, #16384
 298 002e 0292     		str	r2, [sp, #8]
 299 0030 029A     		ldr	r2, [sp, #8]
 300              	.LBE5:
 148:Src/main.c    ****   RCC_OscInitStruct.HSIState = RCC_HSI_ON;
 301              		.loc 1 148 0
 302 0032 0221     		movs	r1, #2
 303 0034 0891     		str	r1, [sp, #32]
 149:Src/main.c    ****   RCC_OscInitStruct.HSICalibrationValue = 16;
 304              		.loc 1 149 0
 305 0036 0122     		movs	r2, #1
 306 0038 0B92     		str	r2, [sp, #44]
 150:Src/main.c    ****   RCC_OscInitStruct.PLL.PLLState = RCC_PLL_ON;
 307              		.loc 1 150 0
 308 003a 1022     		movs	r2, #16
 309 003c 0C92     		str	r2, [sp, #48]
 151:Src/main.c    ****   RCC_OscInitStruct.PLL.PLLSource = RCC_PLLSOURCE_HSI;
 310              		.loc 1 151 0
 311 003e 0E91     		str	r1, [sp, #56]
 152:Src/main.c    ****   RCC_OscInitStruct.PLL.PLLM = 16;
 312              		.loc 1 152 0
 313 0040 0F93     		str	r3, [sp, #60]
 153:Src/main.c    ****   RCC_OscInitStruct.PLL.PLLN = 256;
 314              		.loc 1 153 0
 315 0042 1092     		str	r2, [sp, #64]
 154:Src/main.c    ****   RCC_OscInitStruct.PLL.PLLP = RCC_PLLP_DIV4;
 316              		.loc 1 154 0
 317 0044 4FF48073 		mov	r3, #256
 318 0048 1193     		str	r3, [sp, #68]
 155:Src/main.c    ****   RCC_OscInitStruct.PLL.PLLQ = 4;
 319              		.loc 1 155 0
 320 004a 0423     		movs	r3, #4
 321 004c 1293     		str	r3, [sp, #72]
 156:Src/main.c    ****   if (HAL_RCC_OscConfig(&RCC_OscInitStruct) != HAL_OK)
 322              		.loc 1 156 0
 323 004e 1393     		str	r3, [sp, #76]
 157:Src/main.c    ****   {
 324              		.loc 1 157 0
 325 0050 08A8     		add	r0, sp, #32
 326 0052 FFF7FEFF 		bl	HAL_RCC_OscConfig
 327              	.LVL14:
 328 0056 08BB     		cbnz	r0, .L24
 164:Src/main.c    ****                               |RCC_CLOCKTYPE_PCLK1|RCC_CLOCKTYPE_PCLK2;
ARM GAS  /tmp/ccFqXy5e.s 			page 12


 329              		.loc 1 164 0
 330 0058 0F23     		movs	r3, #15
 331 005a 0393     		str	r3, [sp, #12]
 166:Src/main.c    ****   RCC_ClkInitStruct.AHBCLKDivider = RCC_SYSCLK_DIV1;
 332              		.loc 1 166 0
 333 005c 0221     		movs	r1, #2
 334 005e 0491     		str	r1, [sp, #16]
 167:Src/main.c    ****   RCC_ClkInitStruct.APB1CLKDivider = RCC_HCLK_DIV2;
 335              		.loc 1 167 0
 336 0060 0023     		movs	r3, #0
 337 0062 0593     		str	r3, [sp, #20]
 168:Src/main.c    ****   RCC_ClkInitStruct.APB2CLKDivider = RCC_HCLK_DIV1;
 338              		.loc 1 168 0
 339 0064 4FF48052 		mov	r2, #4096
 340 0068 0692     		str	r2, [sp, #24]
 169:Src/main.c    **** 
 341              		.loc 1 169 0
 342 006a 0793     		str	r3, [sp, #28]
 171:Src/main.c    ****   {
 343              		.loc 1 171 0
 344 006c 03A8     		add	r0, sp, #12
 345 006e FFF7FEFF 		bl	HAL_RCC_ClockConfig
 346              	.LVL15:
 347 0072 B8B9     		cbnz	r0, .L25
 178:Src/main.c    **** 
 348              		.loc 1 178 0
 349 0074 FFF7FEFF 		bl	HAL_RCC_GetHCLKFreq
 350              	.LVL16:
 351 0078 0E4B     		ldr	r3, .L26+8
 352 007a A3FB0030 		umull	r3, r0, r3, r0
 353 007e 8009     		lsrs	r0, r0, #6
 354 0080 FFF7FEFF 		bl	HAL_SYSTICK_Config
 355              	.LVL17:
 182:Src/main.c    **** 
 356              		.loc 1 182 0
 357 0084 0420     		movs	r0, #4
 358 0086 FFF7FEFF 		bl	HAL_SYSTICK_CLKSourceConfig
 359              	.LVL18:
 185:Src/main.c    **** }
 360              		.loc 1 185 0
 361 008a 0022     		movs	r2, #0
 362 008c 1146     		mov	r1, r2
 363 008e 4FF0FF30 		mov	r0, #-1
 364 0092 FFF7FEFF 		bl	HAL_NVIC_SetPriority
 365              	.LVL19:
 186:Src/main.c    **** 
 366              		.loc 1 186 0
 367 0096 15B0     		add	sp, sp, #84
 368              	.LCFI10:
 369              		.cfi_remember_state
 370              		.cfi_def_cfa_offset 4
 371              		@ sp needed
 372 0098 5DF804FB 		ldr	pc, [sp], #4
 373              	.L24:
 374              	.LCFI11:
 375              		.cfi_restore_state
 159:Src/main.c    ****   }
ARM GAS  /tmp/ccFqXy5e.s 			page 13


 376              		.loc 1 159 0
 377 009c 9F21     		movs	r1, #159
 378 009e 0648     		ldr	r0, .L26+12
 379 00a0 FFF7FEFF 		bl	_Error_Handler
 380              	.LVL20:
 381              	.L25:
 173:Src/main.c    ****   }
 382              		.loc 1 173 0
 383 00a4 AD21     		movs	r1, #173
 384 00a6 0448     		ldr	r0, .L26+12
 385 00a8 FFF7FEFF 		bl	_Error_Handler
 386              	.LVL21:
 387              	.L27:
 388              		.align	2
 389              	.L26:
 390 00ac 00380240 		.word	1073887232
 391 00b0 00700040 		.word	1073770496
 392 00b4 D34D6210 		.word	274877907
 393 00b8 00000000 		.word	.LC0
 394              		.cfi_endproc
 395              	.LFE124:
 397              		.section	.text.main,"ax",%progbits
 398              		.align	1
 399              		.global	main
 400              		.syntax unified
 401              		.thumb
 402              		.thumb_func
 403              		.fpu fpv4-sp-d16
 405              	main:
 406              	.LFB123:
  81:Src/main.c    **** 
 407              		.loc 1 81 0
 408              		.cfi_startproc
 409              		@ Volatile: function does not return.
 410              		@ args = 0, pretend = 0, frame = 0
 411              		@ frame_needed = 0, uses_anonymous_args = 0
 412 0000 08B5     		push	{r3, lr}
 413              	.LCFI12:
 414              		.cfi_def_cfa_offset 8
 415              		.cfi_offset 3, -8
 416              		.cfi_offset 14, -4
  90:Src/main.c    **** 
 417              		.loc 1 90 0
 418 0002 FFF7FEFF 		bl	HAL_Init
 419              	.LVL22:
  97:Src/main.c    **** 
 420              		.loc 1 97 0
 421 0006 FFF7FEFF 		bl	SystemClock_Config
 422              	.LVL23:
 104:Src/main.c    ****   MX_TIM4_Init();
 423              		.loc 1 104 0
 424 000a FFF7FEFF 		bl	MX_GPIO_Init
 425              	.LVL24:
 105:Src/main.c    **** 
 426              		.loc 1 105 0
 427 000e FFF7FEFF 		bl	MX_TIM4_Init
 428              	.LVL25:
ARM GAS  /tmp/ccFqXy5e.s 			page 14


 109:Src/main.c    ****   {
 429              		.loc 1 109 0
 430 0012 0821     		movs	r1, #8
 431 0014 0448     		ldr	r0, .L32
 432 0016 FFF7FEFF 		bl	HAL_TIM_PWM_Start
 433              	.LVL26:
 434 001a 00B9     		cbnz	r0, .L31
 435              	.L29:
 436 001c FEE7     		b	.L29
 437              	.L31:
 112:Src/main.c    ****   }
 438              		.loc 1 112 0
 439 001e 7021     		movs	r1, #112
 440 0020 0248     		ldr	r0, .L32+4
 441 0022 FFF7FEFF 		bl	_Error_Handler
 442              	.LVL27:
 443              	.L33:
 444 0026 00BF     		.align	2
 445              	.L32:
 446 0028 00000000 		.word	htim4
 447 002c 00000000 		.word	.LC0
 448              		.cfi_endproc
 449              	.LFE123:
 451              		.global	uwPrescalerValue
 452              		.comm	htim4,60,4
 453              		.section	.bss.uwPrescalerValue,"aw",%nobits
 454              		.align	2
 457              	uwPrescalerValue:
 458 0000 00000000 		.space	4
 459              		.section	.rodata.MX_TIM4_Init.str1.4,"aMS",%progbits,1
 460              		.align	2
 461              	.LC0:
 462 0000 5372632F 		.ascii	"Src/main.c\000"
 462      6D61696E 
 462      2E6300
 463              		.text
 464              	.Letext0:
 465              		.file 2 "/home/saicharan/arm/arm-none-eabi/include/machine/_default_types.h"
 466              		.file 3 "/home/saicharan/arm/arm-none-eabi/include/stdint.h"
 467              		.file 4 "Drivers/CMSIS/Include/core_cm4.h"
 468              		.file 5 "Drivers/CMSIS/Device/ST/STM32F4xx/Include/system_stm32f4xx.h"
 469              		.file 6 "Drivers/CMSIS/Device/ST/STM32F4xx/Include/stm32f407xx.h"
 470              		.file 7 "/home/saicharan/arm/arm-none-eabi/include/sys/lock.h"
 471              		.file 8 "/home/saicharan/arm/arm-none-eabi/include/sys/_types.h"
 472              		.file 9 "/home/saicharan/arm/lib/gcc/arm-none-eabi/6.3.0/include/stddef.h"
 473              		.file 10 "/home/saicharan/arm/arm-none-eabi/include/sys/reent.h"
 474              		.file 11 "Drivers/STM32F4xx_HAL_Driver/Inc/stm32f4xx_hal_def.h"
 475              		.file 12 "Drivers/STM32F4xx_HAL_Driver/Inc/stm32f4xx_hal_rcc_ex.h"
 476              		.file 13 "Drivers/STM32F4xx_HAL_Driver/Inc/stm32f4xx_hal_rcc.h"
 477              		.file 14 "Drivers/STM32F4xx_HAL_Driver/Inc/stm32f4xx_hal_gpio.h"
 478              		.file 15 "Drivers/STM32F4xx_HAL_Driver/Inc/stm32f4xx_hal_dma.h"
 479              		.file 16 "Drivers/STM32F4xx_HAL_Driver/Inc/stm32f4xx_hal_tim.h"
 480              		.file 17 "Drivers/STM32F4xx_HAL_Driver/Inc/stm32f4xx_hal_tim_ex.h"
 481              		.file 18 "Drivers/STM32F4xx_HAL_Driver/Inc/stm32f4xx_hal_cortex.h"
 482              		.file 19 "Drivers/STM32F4xx_HAL_Driver/Inc/stm32f4xx_hal.h"
ARM GAS  /tmp/ccFqXy5e.s 			page 15


DEFINED SYMBOLS
                            *ABS*:0000000000000000 main.c
     /tmp/ccFqXy5e.s:18     .text.MX_GPIO_Init:0000000000000000 $t
     /tmp/ccFqXy5e.s:24     .text.MX_GPIO_Init:0000000000000000 MX_GPIO_Init
     /tmp/ccFqXy5e.s:96     .text.MX_GPIO_Init:0000000000000058 $d
     /tmp/ccFqXy5e.s:102    .text._Error_Handler:0000000000000000 $t
     /tmp/ccFqXy5e.s:109    .text._Error_Handler:0000000000000000 _Error_Handler
     /tmp/ccFqXy5e.s:135    .text._Error_Handler:0000000000000010 $d
     /tmp/ccFqXy5e.s:140    .text.MX_TIM4_Init:0000000000000000 $t
     /tmp/ccFqXy5e.s:146    .text.MX_TIM4_Init:0000000000000000 MX_TIM4_Init
     /tmp/ccFqXy5e.s:249    .text.MX_TIM4_Init:000000000000007c $d
                            *COM*:000000000000003c htim4
     /tmp/ccFqXy5e.s:256    .text.SystemClock_Config:0000000000000000 $t
     /tmp/ccFqXy5e.s:263    .text.SystemClock_Config:0000000000000000 SystemClock_Config
     /tmp/ccFqXy5e.s:390    .text.SystemClock_Config:00000000000000ac $d
     /tmp/ccFqXy5e.s:398    .text.main:0000000000000000 $t
     /tmp/ccFqXy5e.s:405    .text.main:0000000000000000 main
     /tmp/ccFqXy5e.s:446    .text.main:0000000000000028 $d
     /tmp/ccFqXy5e.s:457    .bss.uwPrescalerValue:0000000000000000 uwPrescalerValue
     /tmp/ccFqXy5e.s:454    .bss.uwPrescalerValue:0000000000000000 $d
     /tmp/ccFqXy5e.s:460    .rodata.MX_TIM4_Init.str1.4:0000000000000000 $d
                     .debug_frame:0000000000000010 $d

UNDEFINED SYMBOLS
HAL_GPIO_WritePin
HAL_GPIO_Init
HAL_TIM_PWM_Init
HAL_TIMEx_MasterConfigSynchronization
HAL_TIM_PWM_ConfigChannel
HAL_TIM_MspPostInit
HAL_RCC_OscConfig
HAL_RCC_ClockConfig
HAL_RCC_GetHCLKFreq
HAL_SYSTICK_Config
HAL_SYSTICK_CLKSourceConfig
HAL_NVIC_SetPriority
HAL_Init
HAL_TIM_PWM_Start
