ARM GAS  /tmp/ccKZjWxP.s 			page 1


   1              		.cpu cortex-m4
   2              		.eabi_attribute 27, 1
   3              		.eabi_attribute 28, 1
   4              		.eabi_attribute 20, 1
   5              		.eabi_attribute 21, 1
   6              		.eabi_attribute 23, 3
   7              		.eabi_attribute 24, 1
   8              		.eabi_attribute 25, 1
   9              		.eabi_attribute 26, 1
  10              		.eabi_attribute 30, 1
  11              		.eabi_attribute 34, 1
  12              		.eabi_attribute 18, 4
  13              		.file	"stm32f4xx_hal_msp.c"
  14              		.text
  15              	.Ltext0:
  16              		.cfi_sections	.debug_frame
  17              		.section	.text.HAL_MspInit,"ax",%progbits
  18              		.align	1
  19              		.global	HAL_MspInit
  20              		.syntax unified
  21              		.thumb
  22              		.thumb_func
  23              		.fpu fpv4-sp-d16
  25              	HAL_MspInit:
  26              	.LFB123:
  27              		.file 1 "Src/stm32f4xx_hal_msp.c"
   1:Src/stm32f4xx_hal_msp.c **** /**
   2:Src/stm32f4xx_hal_msp.c ****   ******************************************************************************
   3:Src/stm32f4xx_hal_msp.c ****   * File Name          : stm32f4xx_hal_msp.c
   4:Src/stm32f4xx_hal_msp.c ****   * Description        : This file provides code for the MSP Initialization 
   5:Src/stm32f4xx_hal_msp.c ****   *                      and de-Initialization codes.
   6:Src/stm32f4xx_hal_msp.c ****   ******************************************************************************
   7:Src/stm32f4xx_hal_msp.c ****   ** This notice applies to any and all portions of this file
   8:Src/stm32f4xx_hal_msp.c ****   * that are not between comment pairs USER CODE BEGIN and
   9:Src/stm32f4xx_hal_msp.c ****   * USER CODE END. Other portions of this file, whether 
  10:Src/stm32f4xx_hal_msp.c ****   * inserted by the user or by software development tools
  11:Src/stm32f4xx_hal_msp.c ****   * are owned by their respective copyright owners.
  12:Src/stm32f4xx_hal_msp.c ****   *
  13:Src/stm32f4xx_hal_msp.c ****   * COPYRIGHT(c) 2018 STMicroelectronics
  14:Src/stm32f4xx_hal_msp.c ****   *
  15:Src/stm32f4xx_hal_msp.c ****   * Redistribution and use in source and binary forms, with or without modification,
  16:Src/stm32f4xx_hal_msp.c ****   * are permitted provided that the following conditions are met:
  17:Src/stm32f4xx_hal_msp.c ****   *   1. Redistributions of source code must retain the above copyright notice,
  18:Src/stm32f4xx_hal_msp.c ****   *      this list of conditions and the following disclaimer.
  19:Src/stm32f4xx_hal_msp.c ****   *   2. Redistributions in binary form must reproduce the above copyright notice,
  20:Src/stm32f4xx_hal_msp.c ****   *      this list of conditions and the following disclaimer in the documentation
  21:Src/stm32f4xx_hal_msp.c ****   *      and/or other materials provided with the distribution.
  22:Src/stm32f4xx_hal_msp.c ****   *   3. Neither the name of STMicroelectronics nor the names of its contributors
  23:Src/stm32f4xx_hal_msp.c ****   *      may be used to endorse or promote products derived from this software
  24:Src/stm32f4xx_hal_msp.c ****   *      without specific prior written permission.
  25:Src/stm32f4xx_hal_msp.c ****   *
  26:Src/stm32f4xx_hal_msp.c ****   * THIS SOFTWARE IS PROVIDED BY THE COPYRIGHT HOLDERS AND CONTRIBUTORS "AS IS"
  27:Src/stm32f4xx_hal_msp.c ****   * AND ANY EXPRESS OR IMPLIED WARRANTIES, INCLUDING, BUT NOT LIMITED TO, THE
  28:Src/stm32f4xx_hal_msp.c ****   * IMPLIED WARRANTIES OF MERCHANTABILITY AND FITNESS FOR A PARTICULAR PURPOSE ARE
  29:Src/stm32f4xx_hal_msp.c ****   * DISCLAIMED. IN NO EVENT SHALL THE COPYRIGHT HOLDER OR CONTRIBUTORS BE LIABLE
  30:Src/stm32f4xx_hal_msp.c ****   * FOR ANY DIRECT, INDIRECT, INCIDENTAL, SPECIAL, EXEMPLARY, OR CONSEQUENTIAL
  31:Src/stm32f4xx_hal_msp.c ****   * DAMAGES (INCLUDING, BUT NOT LIMITED TO, PROCUREMENT OF SUBSTITUTE GOODS OR
ARM GAS  /tmp/ccKZjWxP.s 			page 2


  32:Src/stm32f4xx_hal_msp.c ****   * SERVICES; LOSS OF USE, DATA, OR PROFITS; OR BUSINESS INTERRUPTION) HOWEVER
  33:Src/stm32f4xx_hal_msp.c ****   * CAUSED AND ON ANY THEORY OF LIABILITY, WHETHER IN CONTRACT, STRICT LIABILITY,
  34:Src/stm32f4xx_hal_msp.c ****   * OR TORT (INCLUDING NEGLIGENCE OR OTHERWISE) ARISING IN ANY WAY OUT OF THE USE
  35:Src/stm32f4xx_hal_msp.c ****   * OF THIS SOFTWARE, EVEN IF ADVISED OF THE POSSIBILITY OF SUCH DAMAGE.
  36:Src/stm32f4xx_hal_msp.c ****   *
  37:Src/stm32f4xx_hal_msp.c ****   ******************************************************************************
  38:Src/stm32f4xx_hal_msp.c ****   */
  39:Src/stm32f4xx_hal_msp.c **** /* Includes ------------------------------------------------------------------*/
  40:Src/stm32f4xx_hal_msp.c **** #include "stm32f4xx_hal.h"
  41:Src/stm32f4xx_hal_msp.c **** 
  42:Src/stm32f4xx_hal_msp.c **** extern void _Error_Handler(char *, int);
  43:Src/stm32f4xx_hal_msp.c **** /* USER CODE BEGIN 0 */
  44:Src/stm32f4xx_hal_msp.c **** 
  45:Src/stm32f4xx_hal_msp.c **** /* USER CODE END 0 */
  46:Src/stm32f4xx_hal_msp.c **** /**
  47:Src/stm32f4xx_hal_msp.c ****   * Initializes the Global MSP.
  48:Src/stm32f4xx_hal_msp.c ****   */
  49:Src/stm32f4xx_hal_msp.c **** void HAL_MspInit(void)
  50:Src/stm32f4xx_hal_msp.c **** {
  28              		.loc 1 50 0
  29              		.cfi_startproc
  30              		@ args = 0, pretend = 0, frame = 0
  31              		@ frame_needed = 0, uses_anonymous_args = 0
  32 0000 08B5     		push	{r3, lr}
  33              	.LCFI0:
  34              		.cfi_def_cfa_offset 8
  35              		.cfi_offset 3, -8
  36              		.cfi_offset 14, -4
  51:Src/stm32f4xx_hal_msp.c ****   /* USER CODE BEGIN MspInit 0 */
  52:Src/stm32f4xx_hal_msp.c **** 
  53:Src/stm32f4xx_hal_msp.c ****   /* USER CODE END MspInit 0 */
  54:Src/stm32f4xx_hal_msp.c **** 
  55:Src/stm32f4xx_hal_msp.c ****   HAL_NVIC_SetPriorityGrouping(NVIC_PRIORITYGROUP_4);
  37              		.loc 1 55 0
  38 0002 0320     		movs	r0, #3
  39 0004 FFF7FEFF 		bl	HAL_NVIC_SetPriorityGrouping
  40              	.LVL0:
  56:Src/stm32f4xx_hal_msp.c **** 
  57:Src/stm32f4xx_hal_msp.c ****   /* System interrupt init*/
  58:Src/stm32f4xx_hal_msp.c ****   /* MemoryManagement_IRQn interrupt configuration */
  59:Src/stm32f4xx_hal_msp.c ****   HAL_NVIC_SetPriority(MemoryManagement_IRQn, 0, 0);
  41              		.loc 1 59 0
  42 0008 0022     		movs	r2, #0
  43 000a 1146     		mov	r1, r2
  44 000c 6FF00B00 		mvn	r0, #11
  45 0010 FFF7FEFF 		bl	HAL_NVIC_SetPriority
  46              	.LVL1:
  60:Src/stm32f4xx_hal_msp.c ****   /* BusFault_IRQn interrupt configuration */
  61:Src/stm32f4xx_hal_msp.c ****   HAL_NVIC_SetPriority(BusFault_IRQn, 0, 0);
  47              		.loc 1 61 0
  48 0014 0022     		movs	r2, #0
  49 0016 1146     		mov	r1, r2
  50 0018 6FF00A00 		mvn	r0, #10
  51 001c FFF7FEFF 		bl	HAL_NVIC_SetPriority
  52              	.LVL2:
  62:Src/stm32f4xx_hal_msp.c ****   /* UsageFault_IRQn interrupt configuration */
  63:Src/stm32f4xx_hal_msp.c ****   HAL_NVIC_SetPriority(UsageFault_IRQn, 0, 0);
ARM GAS  /tmp/ccKZjWxP.s 			page 3


  53              		.loc 1 63 0
  54 0020 0022     		movs	r2, #0
  55 0022 1146     		mov	r1, r2
  56 0024 6FF00900 		mvn	r0, #9
  57 0028 FFF7FEFF 		bl	HAL_NVIC_SetPriority
  58              	.LVL3:
  64:Src/stm32f4xx_hal_msp.c ****   /* SVCall_IRQn interrupt configuration */
  65:Src/stm32f4xx_hal_msp.c ****   HAL_NVIC_SetPriority(SVCall_IRQn, 0, 0);
  59              		.loc 1 65 0
  60 002c 0022     		movs	r2, #0
  61 002e 1146     		mov	r1, r2
  62 0030 6FF00400 		mvn	r0, #4
  63 0034 FFF7FEFF 		bl	HAL_NVIC_SetPriority
  64              	.LVL4:
  66:Src/stm32f4xx_hal_msp.c ****   /* DebugMonitor_IRQn interrupt configuration */
  67:Src/stm32f4xx_hal_msp.c ****   HAL_NVIC_SetPriority(DebugMonitor_IRQn, 0, 0);
  65              		.loc 1 67 0
  66 0038 0022     		movs	r2, #0
  67 003a 1146     		mov	r1, r2
  68 003c 6FF00300 		mvn	r0, #3
  69 0040 FFF7FEFF 		bl	HAL_NVIC_SetPriority
  70              	.LVL5:
  68:Src/stm32f4xx_hal_msp.c ****   /* PendSV_IRQn interrupt configuration */
  69:Src/stm32f4xx_hal_msp.c ****   HAL_NVIC_SetPriority(PendSV_IRQn, 0, 0);
  71              		.loc 1 69 0
  72 0044 0022     		movs	r2, #0
  73 0046 1146     		mov	r1, r2
  74 0048 6FF00100 		mvn	r0, #1
  75 004c FFF7FEFF 		bl	HAL_NVIC_SetPriority
  76              	.LVL6:
  70:Src/stm32f4xx_hal_msp.c ****   /* SysTick_IRQn interrupt configuration */
  71:Src/stm32f4xx_hal_msp.c ****   HAL_NVIC_SetPriority(SysTick_IRQn, 0, 0);
  77              		.loc 1 71 0
  78 0050 0022     		movs	r2, #0
  79 0052 1146     		mov	r1, r2
  80 0054 4FF0FF30 		mov	r0, #-1
  81 0058 FFF7FEFF 		bl	HAL_NVIC_SetPriority
  82              	.LVL7:
  83 005c 08BD     		pop	{r3, pc}
  84              		.cfi_endproc
  85              	.LFE123:
  87              		.section	.text.HAL_TIM_PWM_MspInit,"ax",%progbits
  88              		.align	1
  89              		.global	HAL_TIM_PWM_MspInit
  90              		.syntax unified
  91              		.thumb
  92              		.thumb_func
  93              		.fpu fpv4-sp-d16
  95              	HAL_TIM_PWM_MspInit:
  96              	.LFB124:
  72:Src/stm32f4xx_hal_msp.c **** 
  73:Src/stm32f4xx_hal_msp.c ****   /* USER CODE BEGIN MspInit 1 */
  74:Src/stm32f4xx_hal_msp.c **** 
  75:Src/stm32f4xx_hal_msp.c ****   /* USER CODE END MspInit 1 */
  76:Src/stm32f4xx_hal_msp.c **** }
  77:Src/stm32f4xx_hal_msp.c **** 
  78:Src/stm32f4xx_hal_msp.c **** void HAL_TIM_PWM_MspInit(TIM_HandleTypeDef* htim_pwm)
ARM GAS  /tmp/ccKZjWxP.s 			page 4


  79:Src/stm32f4xx_hal_msp.c **** {
  97              		.loc 1 79 0
  98              		.cfi_startproc
  99              		@ args = 0, pretend = 0, frame = 8
 100              		@ frame_needed = 0, uses_anonymous_args = 0
 101              		@ link register save eliminated.
 102              	.LVL8:
  80:Src/stm32f4xx_hal_msp.c **** 
  81:Src/stm32f4xx_hal_msp.c ****   if(htim_pwm->Instance==TIM4)
 103              		.loc 1 81 0
 104 0000 0268     		ldr	r2, [r0]
 105 0002 094B     		ldr	r3, .L11
 106 0004 9A42     		cmp	r2, r3
 107 0006 00D0     		beq	.L10
 108              	.L9:
  82:Src/stm32f4xx_hal_msp.c ****   {
  83:Src/stm32f4xx_hal_msp.c ****   /* USER CODE BEGIN TIM4_MspInit 0 */
  84:Src/stm32f4xx_hal_msp.c **** 
  85:Src/stm32f4xx_hal_msp.c ****   /* USER CODE END TIM4_MspInit 0 */
  86:Src/stm32f4xx_hal_msp.c ****     /* Peripheral clock enable */
  87:Src/stm32f4xx_hal_msp.c ****     __HAL_RCC_TIM4_CLK_ENABLE();
  88:Src/stm32f4xx_hal_msp.c ****   /* USER CODE BEGIN TIM4_MspInit 1 */
  89:Src/stm32f4xx_hal_msp.c **** 
  90:Src/stm32f4xx_hal_msp.c ****   /* USER CODE END TIM4_MspInit 1 */
  91:Src/stm32f4xx_hal_msp.c ****   }
  92:Src/stm32f4xx_hal_msp.c **** 
  93:Src/stm32f4xx_hal_msp.c **** }
 109              		.loc 1 93 0
 110 0008 7047     		bx	lr
 111              	.L10:
  79:Src/stm32f4xx_hal_msp.c **** 
 112              		.loc 1 79 0
 113 000a 82B0     		sub	sp, sp, #8
 114              	.LCFI1:
 115              		.cfi_def_cfa_offset 8
 116              	.LBB2:
  87:Src/stm32f4xx_hal_msp.c ****   /* USER CODE BEGIN TIM4_MspInit 1 */
 117              		.loc 1 87 0
 118 000c 0023     		movs	r3, #0
 119 000e 0193     		str	r3, [sp, #4]
 120 0010 064B     		ldr	r3, .L11+4
 121 0012 1A6C     		ldr	r2, [r3, #64]
 122 0014 42F00402 		orr	r2, r2, #4
 123 0018 1A64     		str	r2, [r3, #64]
 124 001a 1B6C     		ldr	r3, [r3, #64]
 125 001c 03F00403 		and	r3, r3, #4
 126 0020 0193     		str	r3, [sp, #4]
 127 0022 019B     		ldr	r3, [sp, #4]
 128              	.LBE2:
 129              		.loc 1 93 0
 130 0024 02B0     		add	sp, sp, #8
 131              	.LCFI2:
 132              		.cfi_def_cfa_offset 0
 133              		@ sp needed
 134 0026 EFE7     		b	.L9
 135              	.L12:
 136              		.align	2
ARM GAS  /tmp/ccKZjWxP.s 			page 5


 137              	.L11:
 138 0028 00080040 		.word	1073743872
 139 002c 00380240 		.word	1073887232
 140              		.cfi_endproc
 141              	.LFE124:
 143              		.section	.text.HAL_TIM_MspPostInit,"ax",%progbits
 144              		.align	1
 145              		.global	HAL_TIM_MspPostInit
 146              		.syntax unified
 147              		.thumb
 148              		.thumb_func
 149              		.fpu fpv4-sp-d16
 151              	HAL_TIM_MspPostInit:
 152              	.LFB125:
  94:Src/stm32f4xx_hal_msp.c **** 
  95:Src/stm32f4xx_hal_msp.c **** void HAL_TIM_MspPostInit(TIM_HandleTypeDef* htim)
  96:Src/stm32f4xx_hal_msp.c **** {
 153              		.loc 1 96 0
 154              		.cfi_startproc
 155              		@ args = 0, pretend = 0, frame = 24
 156              		@ frame_needed = 0, uses_anonymous_args = 0
 157              	.LVL9:
  97:Src/stm32f4xx_hal_msp.c **** 
  98:Src/stm32f4xx_hal_msp.c ****   GPIO_InitTypeDef GPIO_InitStruct;
  99:Src/stm32f4xx_hal_msp.c ****   if(htim->Instance==TIM4)
 158              		.loc 1 99 0
 159 0000 0268     		ldr	r2, [r0]
 160 0002 0B4B     		ldr	r3, .L20
 161 0004 9A42     		cmp	r2, r3
 162 0006 00D0     		beq	.L19
 163 0008 7047     		bx	lr
 164              	.L19:
  96:Src/stm32f4xx_hal_msp.c **** 
 165              		.loc 1 96 0
 166 000a 00B5     		push	{lr}
 167              	.LCFI3:
 168              		.cfi_def_cfa_offset 4
 169              		.cfi_offset 14, -4
 170 000c 87B0     		sub	sp, sp, #28
 171              	.LCFI4:
 172              		.cfi_def_cfa_offset 32
 100:Src/stm32f4xx_hal_msp.c ****   {
 101:Src/stm32f4xx_hal_msp.c ****   /* USER CODE BEGIN TIM4_MspPostInit 0 */
 102:Src/stm32f4xx_hal_msp.c **** 
 103:Src/stm32f4xx_hal_msp.c ****   /* USER CODE END TIM4_MspPostInit 0 */
 104:Src/stm32f4xx_hal_msp.c ****   
 105:Src/stm32f4xx_hal_msp.c ****     /**TIM4 GPIO Configuration    
 106:Src/stm32f4xx_hal_msp.c ****     PD14     ------> TIM4_CH3 
 107:Src/stm32f4xx_hal_msp.c ****     */
 108:Src/stm32f4xx_hal_msp.c ****     GPIO_InitStruct.Pin = LED_pwm_Pin;
 173              		.loc 1 108 0
 174 000e 4FF48043 		mov	r3, #16384
 175 0012 0193     		str	r3, [sp, #4]
 109:Src/stm32f4xx_hal_msp.c ****     GPIO_InitStruct.Mode = GPIO_MODE_AF_PP;
 176              		.loc 1 109 0
 177 0014 0223     		movs	r3, #2
 178 0016 0293     		str	r3, [sp, #8]
ARM GAS  /tmp/ccKZjWxP.s 			page 6


 110:Src/stm32f4xx_hal_msp.c ****     GPIO_InitStruct.Pull = GPIO_PULLDOWN;
 179              		.loc 1 110 0
 180 0018 0393     		str	r3, [sp, #12]
 111:Src/stm32f4xx_hal_msp.c ****     GPIO_InitStruct.Speed = GPIO_SPEED_FREQ_LOW;
 181              		.loc 1 111 0
 182 001a 0022     		movs	r2, #0
 183 001c 0492     		str	r2, [sp, #16]
 112:Src/stm32f4xx_hal_msp.c ****     GPIO_InitStruct.Alternate = GPIO_AF2_TIM4;
 184              		.loc 1 112 0
 185 001e 0593     		str	r3, [sp, #20]
 113:Src/stm32f4xx_hal_msp.c ****     HAL_GPIO_Init(LED_pwm_GPIO_Port, &GPIO_InitStruct);
 186              		.loc 1 113 0
 187 0020 01A9     		add	r1, sp, #4
 188 0022 0448     		ldr	r0, .L20+4
 189              	.LVL10:
 190 0024 FFF7FEFF 		bl	HAL_GPIO_Init
 191              	.LVL11:
 114:Src/stm32f4xx_hal_msp.c **** 
 115:Src/stm32f4xx_hal_msp.c ****   /* USER CODE BEGIN TIM4_MspPostInit 1 */
 116:Src/stm32f4xx_hal_msp.c **** 
 117:Src/stm32f4xx_hal_msp.c ****   /* USER CODE END TIM4_MspPostInit 1 */
 118:Src/stm32f4xx_hal_msp.c ****   }
 119:Src/stm32f4xx_hal_msp.c **** 
 120:Src/stm32f4xx_hal_msp.c **** }
 192              		.loc 1 120 0
 193 0028 07B0     		add	sp, sp, #28
 194              	.LCFI5:
 195              		.cfi_def_cfa_offset 4
 196              		@ sp needed
 197 002a 5DF804FB 		ldr	pc, [sp], #4
 198              	.L21:
 199 002e 00BF     		.align	2
 200              	.L20:
 201 0030 00080040 		.word	1073743872
 202 0034 000C0240 		.word	1073875968
 203              		.cfi_endproc
 204              	.LFE125:
 206              		.section	.text.HAL_TIM_PWM_MspDeInit,"ax",%progbits
 207              		.align	1
 208              		.global	HAL_TIM_PWM_MspDeInit
 209              		.syntax unified
 210              		.thumb
 211              		.thumb_func
 212              		.fpu fpv4-sp-d16
 214              	HAL_TIM_PWM_MspDeInit:
 215              	.LFB126:
 121:Src/stm32f4xx_hal_msp.c **** 
 122:Src/stm32f4xx_hal_msp.c **** void HAL_TIM_PWM_MspDeInit(TIM_HandleTypeDef* htim_pwm)
 123:Src/stm32f4xx_hal_msp.c **** {
 216              		.loc 1 123 0
 217              		.cfi_startproc
 218              		@ args = 0, pretend = 0, frame = 0
 219              		@ frame_needed = 0, uses_anonymous_args = 0
 220              		@ link register save eliminated.
 221              	.LVL12:
 124:Src/stm32f4xx_hal_msp.c **** 
 125:Src/stm32f4xx_hal_msp.c ****   if(htim_pwm->Instance==TIM4)
ARM GAS  /tmp/ccKZjWxP.s 			page 7


 222              		.loc 1 125 0
 223 0000 0268     		ldr	r2, [r0]
 224 0002 054B     		ldr	r3, .L25
 225 0004 9A42     		cmp	r2, r3
 226 0006 00D0     		beq	.L24
 227              	.L22:
 228 0008 7047     		bx	lr
 229              	.L24:
 126:Src/stm32f4xx_hal_msp.c ****   {
 127:Src/stm32f4xx_hal_msp.c ****   /* USER CODE BEGIN TIM4_MspDeInit 0 */
 128:Src/stm32f4xx_hal_msp.c **** 
 129:Src/stm32f4xx_hal_msp.c ****   /* USER CODE END TIM4_MspDeInit 0 */
 130:Src/stm32f4xx_hal_msp.c ****     /* Peripheral clock disable */
 131:Src/stm32f4xx_hal_msp.c ****     __HAL_RCC_TIM4_CLK_DISABLE();
 230              		.loc 1 131 0
 231 000a 044A     		ldr	r2, .L25+4
 232 000c 136C     		ldr	r3, [r2, #64]
 233 000e 23F00403 		bic	r3, r3, #4
 234 0012 1364     		str	r3, [r2, #64]
 132:Src/stm32f4xx_hal_msp.c ****   /* USER CODE BEGIN TIM4_MspDeInit 1 */
 133:Src/stm32f4xx_hal_msp.c **** 
 134:Src/stm32f4xx_hal_msp.c ****   /* USER CODE END TIM4_MspDeInit 1 */
 135:Src/stm32f4xx_hal_msp.c ****   }
 136:Src/stm32f4xx_hal_msp.c **** 
 137:Src/stm32f4xx_hal_msp.c **** }
 235              		.loc 1 137 0
 236 0014 F8E7     		b	.L22
 237              	.L26:
 238 0016 00BF     		.align	2
 239              	.L25:
 240 0018 00080040 		.word	1073743872
 241 001c 00380240 		.word	1073887232
 242              		.cfi_endproc
 243              	.LFE126:
 245              		.text
 246              	.Letext0:
 247              		.file 2 "/home/saicharan/arm/arm-none-eabi/include/machine/_default_types.h"
 248              		.file 3 "/home/saicharan/arm/arm-none-eabi/include/stdint.h"
 249              		.file 4 "Drivers/CMSIS/Include/core_cm4.h"
 250              		.file 5 "Drivers/CMSIS/Device/ST/STM32F4xx/Include/system_stm32f4xx.h"
 251              		.file 6 "Drivers/CMSIS/Device/ST/STM32F4xx/Include/stm32f407xx.h"
 252              		.file 7 "/home/saicharan/arm/arm-none-eabi/include/sys/lock.h"
 253              		.file 8 "/home/saicharan/arm/arm-none-eabi/include/sys/_types.h"
 254              		.file 9 "/home/saicharan/arm/lib/gcc/arm-none-eabi/6.3.0/include/stddef.h"
 255              		.file 10 "/home/saicharan/arm/arm-none-eabi/include/sys/reent.h"
 256              		.file 11 "Drivers/STM32F4xx_HAL_Driver/Inc/stm32f4xx_hal_def.h"
 257              		.file 12 "Drivers/STM32F4xx_HAL_Driver/Inc/stm32f4xx_hal_gpio.h"
 258              		.file 13 "Drivers/STM32F4xx_HAL_Driver/Inc/stm32f4xx_hal_dma.h"
 259              		.file 14 "Drivers/STM32F4xx_HAL_Driver/Inc/stm32f4xx_hal_tim.h"
 260              		.file 15 "Drivers/STM32F4xx_HAL_Driver/Inc/stm32f4xx_hal_cortex.h"
ARM GAS  /tmp/ccKZjWxP.s 			page 8


DEFINED SYMBOLS
                            *ABS*:0000000000000000 stm32f4xx_hal_msp.c
     /tmp/ccKZjWxP.s:18     .text.HAL_MspInit:0000000000000000 $t
     /tmp/ccKZjWxP.s:25     .text.HAL_MspInit:0000000000000000 HAL_MspInit
     /tmp/ccKZjWxP.s:88     .text.HAL_TIM_PWM_MspInit:0000000000000000 $t
     /tmp/ccKZjWxP.s:95     .text.HAL_TIM_PWM_MspInit:0000000000000000 HAL_TIM_PWM_MspInit
     /tmp/ccKZjWxP.s:138    .text.HAL_TIM_PWM_MspInit:0000000000000028 $d
     /tmp/ccKZjWxP.s:144    .text.HAL_TIM_MspPostInit:0000000000000000 $t
     /tmp/ccKZjWxP.s:151    .text.HAL_TIM_MspPostInit:0000000000000000 HAL_TIM_MspPostInit
     /tmp/ccKZjWxP.s:201    .text.HAL_TIM_MspPostInit:0000000000000030 $d
     /tmp/ccKZjWxP.s:207    .text.HAL_TIM_PWM_MspDeInit:0000000000000000 $t
     /tmp/ccKZjWxP.s:214    .text.HAL_TIM_PWM_MspDeInit:0000000000000000 HAL_TIM_PWM_MspDeInit
     /tmp/ccKZjWxP.s:240    .text.HAL_TIM_PWM_MspDeInit:0000000000000018 $d
                     .debug_frame:0000000000000010 $d

UNDEFINED SYMBOLS
HAL_NVIC_SetPriorityGrouping
HAL_NVIC_SetPriority
HAL_GPIO_Init
